2023-05-08 15:21:12,644 - Log created.
2023-05-08 15:21:12,644 - Started reading the configuration file.
2023-05-08 15:21:12,645 - Finished reading the configuration file.
2023-05-08 15:21:12,645 - Parsing the xml queries file.
2023-05-08 15:21:12,662 - XML file parsed.
2023-05-08 15:21:12,662 - Starting the generation of queries csv file.
2023-05-08 15:21:12,667 - 99 queries processed.
2023-05-08 15:21:12,667 - Mean of the time each query has taken to be processedin queries file: 0:00:00.000008s
2023-05-08 15:21:12,667 - Queries csv file generated.
2023-05-08 15:21:12,667 - Starting the generation of expected csv file.
2023-05-08 15:21:12,675 - Mean of the time each query has taken to be processed in expected file: 0:00:00.000060s
2023-05-08 15:21:12,675 - Expected csv file generated.
2023-05-08 15:21:12,676 - Finished execution.
2023-05-08 15:21:12,676 - Log created.
2023-05-08 15:21:12,676 - Downloading 'punkt' and 'stopwords' from nltk-data...
2023-05-08 15:21:12,676 - Finished downloading 'punkt' and 'stopwords'.
2023-05-08 15:21:12,676 - Started reading the configuration file.
2023-05-08 15:21:12,676 - Finished reading the configuration file.
2023-05-08 15:21:12,676 - Started creating the inverted list file.
2023-05-08 15:21:12,678 - Started creating the inverted list.
2023-05-08 15:21:12,678 - Started creating the dict record_num: text from file: ../data/CysticFibrosis/cf74.xml
2023-05-08 15:21:12,720 - Finished creating the dict record_num: text from file: ../data/CysticFibrosis/cf74.xml. 167 records in file. Time taken: 0:00:00.041278s
2023-05-08 15:21:13,281 - Started creating the dict record_num: text from file: ../data/CysticFibrosis/cf75.xml
2023-05-08 15:21:13,319 - Finished creating the dict record_num: text from file: ../data/CysticFibrosis/cf75.xml. 188 records in file. Time taken: 0:00:00.037497s
2023-05-08 15:21:13,929 - Started creating the dict record_num: text from file: ../data/CysticFibrosis/cf76.xml
2023-05-08 15:21:14,014 - Finished creating the dict record_num: text from file: ../data/CysticFibrosis/cf76.xml. 227 records in file. Time taken: 0:00:00.084833s
2023-05-08 15:21:14,775 - Started creating the dict record_num: text from file: ../data/CysticFibrosis/cf77.xml
2023-05-08 15:21:14,823 - Finished creating the dict record_num: text from file: ../data/CysticFibrosis/cf77.xml. 199 records in file. Time taken: 0:00:00.048042s
2023-05-08 15:21:15,373 - Started creating the dict record_num: text from file: ../data/CysticFibrosis/cf78.xml
2023-05-08 15:21:15,453 - Finished creating the dict record_num: text from file: ../data/CysticFibrosis/cf78.xml. 199 records in file. Time taken: 0:00:00.079053s
2023-05-08 15:21:16,265 - Started creating the dict record_num: text from file: ../data/CysticFibrosis/cf79.xml
2023-05-08 15:21:16,331 - Finished creating the dict record_num: text from file: ../data/CysticFibrosis/cf79.xml. 259 records in file. Time taken: 0:00:00.065958s
2023-05-08 15:21:17,536 - 6 files procesed. Average time: 0:00:00.809494s.
2023-05-08 15:21:17,536 - Finished creating the inverted list.
2023-05-08 15:21:17,551 - Finished creating the inverted list file.
2023-05-08 15:21:17,553 - Finished execution.
2023-05-08 15:21:17,553 - Log created.
2023-05-08 15:21:17,553 - Started reading the configuration file.
2023-05-08 15:21:17,554 - Finished reading the configuration file.
2023-05-08 15:21:17,554 - Started generating the term document matrix.
2023-05-08 15:22:16,961 - Finished generating the term document matrix. Time taken: 0:00:59.406382.
2023-05-08 15:22:16,961 - Matrix has 6278 tokens and 1215 documents.
2023-05-08 15:22:25,281 - Term document matrix saved.
2023-05-08 15:22:25,281 - Started 2023-05-08 15:30:35,367 - Started reading the configuration file.
2023-05-08 15:30:35,369 - Finished reading the configuration file.
2023-05-08 15:30:35,370 - Parsing the xml queries file.
2023-05-08 15:30:35,394 - XML file parsed.
2023-05-08 15:30:35,395 - Starting the generation of queries csv file.
2023-05-08 15:30:35,400 - 99 queries processed.
2023-05-08 15:30:35,400 - Mean of the time each query has taken to be processedin queries file: 0:00:00.000009s
2023-05-08 15:30:35,401 - Queries csv file generated.
2023-05-08 15:30:35,401 - Starting the generation of expected csv file.
2023-05-08 15:30:35,411 - Mean of the time each query has taken to be processed in expected file: 0:00:00.000073s
2023-05-08 15:30:35,411 - Expected csv file generated.
2023-05-08 15:37:51,875 - Started reading the configuration file.
2023-05-08 15:37:51,886 - Finished reading the configuration file.
2023-05-08 15:37:51,888 - Started creating the inverted list file.
2023-05-08 15:37:51,890 - Started creating the inverted list.
2023-05-08 15:37:51,890 - Started creating the dict record_num: text from file: ../data/CysticFibrosis/cf74.xml
2023-05-08 15:37:51,960 - Finished creating the dict record_num: text from file: ../data/CysticFibrosis/cf74.xml. 167 records in file. Time taken: 0:00:00.070013s
2023-05-08 15:37:52,486 - Started creating the dict record_num: text from file: ../data/CysticFibrosis/cf75.xml
2023-05-08 15:37:52,535 - Finished creating the dict record_num: text from file: ../data/CysticFibrosis/cf75.xml. 188 records in file. Time taken: 0:00:00.048740s
2023-05-08 15:37:53,415 - Started creating the dict record_num: text from file: ../data/CysticFibrosis/cf76.xml
2023-05-08 15:37:53,480 - Finished creating the dict record_num: text from file: ../data/CysticFibrosis/cf76.xml. 227 records in file. Time taken: 0:00:00.064544s
2023-05-08 15:37:54,214 - Started creating the dict record_num: text from file: ../data/CysticFibrosis/cf77.xml
2023-05-08 15:37:54,260 - Finished creating the dict record_num: text from file: ../data/CysticFibrosis/cf77.xml. 199 records in file. Time taken: 0:00:00.046002s
2023-05-08 15:37:54,889 - Started creating the dict record_num: text from file: ../data/CysticFibrosis/cf78.xml
2023-05-08 15:37:54,929 - Finished creating the dict record_num: text from file: ../data/CysticFibrosis/cf78.xml. 199 records in file. Time taken: 0:00:00.039195s
2023-05-08 15:37:55,524 - Started creating the dict record_num: text from file: ../data/CysticFibrosis/cf79.xml
2023-05-08 15:37:56,175 - Finished creating the dict record_num: text from file: ../data/CysticFibrosis/cf79.xml. 259 records in file. Time taken: 0:00:00.651233s
2023-05-08 15:37:56,954 - 6 files procesed. Average time: 0:00:00.843781s.
2023-05-08 15:37:56,954 - Finished creating the inverted list.
2023-05-08 15:37:56,971 - Finished creating the inverted list file.
2023-05-08 15:47:25,922 - Started reading the configuration file.
2023-05-08 15:47:25,930 - Finished reading the configuration file.
2023-05-08 15:47:25,931 - Started generating the term document matrix.
2023-05-08 15:48:35,201 - Finished generating the term document matrix. Time taken: 0:01:09.270373.
2023-05-08 15:48:35,209 - Matrix has 6278 tokens and 1215 documents.
